<?xml version="1.0" encoding="UTF-8"?>
<!-- Generated by org.testng.reporters.JUnitReportReporter -->
<testsuite hostname="iqiltr368" failures="0" tests="1" name="LandingPage.landingpageautomation" time="37.379" errors="0" timestamp="2022-04-22T13:52:56 IST" skipped="0">
  <testcase classname="LandingPage.landingpageautomation" name="ComponentReference" time="37.379"/>
  <system-out/>
</testsuite> <!-- LandingPage.landingpageautomation -->
