<?xml version="1.0" encoding="UTF-8"?>
<!-- Generated by org.testng.reporters.JUnitReportReporter -->
<testsuite hostname="iqiltr368" failures="0" tests="1" name="ComponentReference.TestComponentReferencePage" time="38.437" errors="0" timestamp="2022-04-22T14:31:26 IST" skipped="0">
  <testcase classname="ComponentReference.TestComponentReferencePage" name="ComponentReference" time="38.437"/>
  <system-out/>
</testsuite> <!-- ComponentReference.TestComponentReferencePage -->
